linearizeReads: false
cheapClients: false
filterCaching: true
doLogging: true
insecure: false
filtered: true
fair: false
filter:0+0=1
order: 4
exec:  3
filter:  1
order: 4
value=1
random=-7367477050818610620
timestamp=1445918904892
linearizeReads: false
cheapClients: false
filterCaching: true
doLogging: true
insecure: false
filtered: true
fair: false
filter:0+0=1
order: 4
exec:  3
filter:  1
order: 4
value=1
random=-7377391954413682684
timestamp=1445918913748
linearizeReads: false
cheapClients: false
filterCaching: true
doLogging: true
insecure: false
filtered: true
fair: false
filter:0+0=1
order: 4
exec:  3
filter:  1
order: 4
value=1
random=-7374086987980314428
timestamp=1445918918570
linearizeReads: false
cheapClients: false
filterCaching: true
doLogging: true
insecure: false
filtered: true
fair: false
filter:0+0=1
order: 4
exec:  3
filter:  1
order: 4
