linearizeReads: false
cheapClients: false
filterCaching: true
doLogging: true
insecure: false
filtered: true
fair: false
filter:0+0=1
order: 4
exec:  3
filter:  1
order: 4
StartTime=1445918900872
ExecThread created Thread[Thread-4,5,main]
wtf
started at : 1445918900940
spontaneously sending CPtoken to all order nodes
Failed on connection to ORDER.0
Failed on connection to ORDER.1
Failed on connection to ORDER.2
Failed on connection to ORDER.3
Process Request CP from 0
	 sending cp back: 0
Process Request CP from 2
	 sending cp back: 0
Process Request CP from 1
	 sending cp back: 0
Process Request CP from 3
	 sending cp back: 0
Last exectued at : 1445918906732
sending last exected with 2
Failed on write to  CLIENT.0
Last exectued at : 1445918909731
sending last exected with 2
Last exectued at : 1445918913731
sending last exected with 2
Failed on write to  CLIENT.0
Last exectued at : 1445918916556
sending last exected with 4
Last exectued at : 1445918920378
sending last exected with 6
Failed on write to  CLIENT.0
Last exectued at : 1445918923378
sending last exected with 6
