starting 0 0 10000
starting 0 1 10001
starting 0 2 10002
starting 0 3 10003
starting 0 4 10004
starting 0 5 10005
starting 0 6 10006
starting 0 7 10007
starting 0 8 10008
starting 1 0 10010
starting 1 1 10011
starting 1 2 10012
starting 1 3 10013
starting 1 4 10014
starting 1 5 10015
starting 1 6 10016
starting 1 7 10017
starting 1 8 10018
starting 2 0 10020
starting 2 1 10021
starting 2 2 10022
starting 2 3 10023
starting 2 4 10024
starting 2 5 10025
starting 2 6 10026
starting 2 7 10027
starting 2 8 10028
starting 3 0 10030
starting 3 1 10031
starting 3 2 10032
starting 3 3 10033
starting 3 4 10034
starting 3 5 10035
starting 3 6 10036
starting 3 7 10037
starting 3 8 10038
[T+  0]  25 seconds of normal service
[T+ 25]  Partitioning leader (node 0)
