linearizeReads: false
cheapClients: false
filterCaching: true
doLogging: true
insecure: true
filtered: false
fair: false
filter:0+0=0
order: 4
exec:  3
filter:  0
order: 4
StartTime=1445901640734
ExecThread created Thread[Thread-4,5,main]
wtf
started at : 1445901640805
spontaneously sending CPtoken to all order nodes
Failed on connection to ORDER.0
Failed on connection to ORDER.1
Failed on connection to ORDER.2
Failed on connection to ORDER.3
Process Request CP from 0
	 sending cp back: 0
Process Request CP from 2
	 sending cp back: 0
Process Request CP from 3
	 sending cp back: 0
Process Request CP from 1
	 sending cp back: 0
Last exectued at : 1445901646506
sending last exected with 2
Failed on write to  CLIENT.0
Last exectued at : 1445901649506
sending last exected with 2
Last exectued at : 1445901653506
sending last exected with 2
Failed on write to  CLIENT.0
Last exectued at : 1445901656316
sending last exected with 4
Last exectued at : 1445901660131
sending last exected with 6
Failed on write to  CLIENT.0
Last exectued at : 1445901663131
sending last exected with 6
Failed on write to  CLIENT.0
Last exectued at : 1445901665957
sending last exected with 8
Last exectued at : 1445901669777
sending last exected with 10
Failed on write to  CLIENT.0
Last exectued at : 1445901672777
sending last exected with 10
Failed on write to  CLIENT.0
Last exectued at : 1445901677584
sending last exected with 12
Last exectued at : 1445901681583
sending last exected with 12
Failed on write to  CLIENT.0
Last exectued at : 1445901686391
sending last exected with 14
Last exectued at : 1445901690392
sending last exected with 14
Failed on write to  CLIENT.0
Last exectued at : 1445901695208
sending last exected with 16
Last exectued at : 1445901699208
sending last exected with 16
Failed on write to  CLIENT.0
Last exectued at : 1445901704023
sending last exected with 18
Last exectued at : 1445901708023
sending last exected with 18
