linearizeReads: false
cheapClients: false
filterCaching: true
doLogging: true
insecure: true
filtered: true
fair: false
filter:0+0=1
order: 1
exec:  1
filter:  1
order: 1
value=1
random=8819820026005874311
timestamp=1445962234569
linearizeReads: false
cheapClients: false
filterCaching: true
doLogging: true
insecure: true
filtered: true
fair: false
filter:0+0=1
order: 1
exec:  1
filter:  1
order: 1
value=1
random=8823124996734209863
timestamp=1445962239404
linearizeReads: false
cheapClients: false
filterCaching: true
doLogging: true
insecure: true
filtered: true
fair: false
filter:0+0=1
order: 1
exec:  1
filter:  1
order: 1
linearizeReads: false
cheapClients: false
filterCaching: true
doLogging: true
insecure: true
filtered: true
fair: false
filter:0+0=1
order: 1
exec:  1
filter:  1
order: 1
value=1
random=7695472779370640998
timestamp=1445962265396
linearizeReads: false
cheapClients: false
filterCaching: true
doLogging: true
insecure: true
filtered: true
fair: false
filter:0+0=1
order: 1
exec:  1
filter:  1
order: 1
value=1
random=7685557875775568934
timestamp=1445962270249
linearizeReads: false
cheapClients: false
filterCaching: true
doLogging: true
insecure: true
filtered: true
fair: false
filter:0+0=1
order: 1
exec:  1
filter:  1
order: 1
linearizeReads: false
cheapClients: false
filterCaching: true
doLogging: true
insecure: true
filtered: true
fair: false
filter:0+0=1
order: 1
exec:  1
filter:  1
order: 1
value=1
random=8946074039324462563
timestamp=1445962339386
linearizeReads: false
cheapClients: false
filterCaching: true
doLogging: true
insecure: true
filtered: true
fair: false
filter:0+0=1
order: 1
exec:  1
filter:  1
order: 1
value=1
random=8936159135729390499
timestamp=1445962344238
linearizeReads: false
cheapClients: false
filterCaching: true
doLogging: true
insecure: true
filtered: true
fair: false
filter:0+0=1
order: 1
exec:  1
filter:  1
order: 1
value=1
random=8939464102162758755
timestamp=1445962353044
linearizeReads: false
cheapClients: false
filterCaching: true
doLogging: true
insecure: true
filtered: true
fair: false
filter:0+0=1
order: 1
exec:  1
filter:  1
order: 1
value=1
random=8876669714158958113
timestamp=1445962361844
linearizeReads: false
cheapClients: false
filterCaching: true
doLogging: true
insecure: true
filtered: true
fair: false
filter:0+0=1
order: 1
exec:  1
filter:  1
order: 1
value=1
random=8879974680592326369
timestamp=1445962366644
linearizeReads: false
cheapClients: false
filterCaching: true
doLogging: true
insecure: true
filtered: true
fair: false
filter:0+0=1
order: 1
exec:  1
filter:  1
order: 1
value=1
random=8870059776997254305
timestamp=1445962375464
linearizeReads: false
cheapClients: false
filterCaching: true
doLogging: true
insecure: true
filtered: true
fair: false
filter:0+0=1
order: 1
exec:  1
filter:  1
order: 1
value=1
random=8873364743430622561
timestamp=1445962384272
linearizeReads: false
cheapClients: false
filterCaching: true
doLogging: true
insecure: true
filtered: true
fair: false
filter:0+0=1
order: 1
exec:  1
filter:  1
order: 1
value=1
random=8863449844130517793
timestamp=1445962393068
linearizeReads: false
cheapClients: false
filterCaching: true
doLogging: true
insecure: true
filtered: true
fair: false
filter:0+0=1
order: 1
exec:  1
filter:  1
order: 1
value=1
random=8866754806268918753
timestamp=1445962401870
linearizeReads: false
cheapClients: false
filterCaching: true
doLogging: true
insecure: true
filtered: true
fair: false
filter:0+0=1
order: 1
exec:  1
filter:  1
order: 1
value=1
random=8856839906968813985
timestamp=1445962410680
linearizeReads: false
cheapClients: false
filterCaching: true
doLogging: true
insecure: true
filtered: true
fair: false
filter:0+0=1
order: 1
exec:  1
filter:  1
order: 1
value=1
random=8860144873402182241
timestamp=1445962415485
linearizeReads: false
cheapClients: false
filterCaching: true
doLogging: true
insecure: true
filtered: true
fair: false
filter:0+0=1
order: 1
exec:  1
filter:  1
order: 1
value=1
random=8903109454215838754
timestamp=1445962424287
linearizeReads: false
cheapClients: false
filterCaching: true
doLogging: true
insecure: true
filtered: true
fair: false
filter:0+0=1
order: 1
exec:  1
filter:  1
order: 1
value=1
random=8906414424944174306
timestamp=1445962433089
linearizeReads: false
cheapClients: false
filterCaching: true
doLogging: true
insecure: true
filtered: true
fair: false
filter:0+0=1
order: 1
exec:  1
filter:  1
order: 1
value=1
random=8896499521349102242
timestamp=1445962441892
linearizeReads: false
cheapClients: false
filterCaching: true
doLogging: true
insecure: true
filtered: true
fair: false
filter:0+0=1
order: 1
exec:  1
filter:  1
order: 1
value=1
random=8899804487782470498
timestamp=1445962450693
linearizeReads: false
cheapClients: false
filterCaching: true
doLogging: true
insecure: true
filtered: true
fair: false
filter:0+0=1
order: 1
exec:  1
filter:  1
order: 1
value=1
random=8889889584187398433
timestamp=1445962459496
linearizeReads: false
cheapClients: false
filterCaching: true
doLogging: true
insecure: true
filtered: true
fair: false
filter:0+0=1
order: 1
exec:  1
filter:  1
order: 1
value=1
random=8893194554915733986
timestamp=1445962468295
linearizeReads: false
cheapClients: false
filterCaching: true
doLogging: true
insecure: true
filtered: true
fair: false
filter:0+0=1
order: 1
exec:  1
filter:  1
order: 1
value=1
random=8883279647025694625
timestamp=1445962477096
linearizeReads: false
cheapClients: false
filterCaching: true
doLogging: true
insecure: true
filtered: true
fair: false
filter:0+0=1
order: 1
exec:  1
filter:  1
order: 1
value=1
random=8886584617754030177
timestamp=1445962485898
linearizeReads: false
cheapClients: false
filterCaching: true
doLogging: true
insecure: true
filtered: true
fair: false
filter:0+0=1
order: 1
exec:  1
filter:  1
order: 1
value=1
random=8823790225455262240
timestamp=1445962494707
