linearizeReads: false
cheapClients: false
filterCaching: true
doLogging: true
insecure: true
filtered: false
fair: false
filter:0+0=0
order: 4
exec:  3
filter:  0
order: 4
value=1
random=-3026992468274044764
timestamp=1445901245305
linearizeReads: false
cheapClients: false
filterCaching: true
doLogging: true
insecure: true
filtered: false
fair: false
filter:0+0=0
order: 4
exec:  3
filter:  0
order: 4
value=1
random=-2984027883165420955
timestamp=1445901254141
linearizeReads: false
cheapClients: false
filterCaching: true
doLogging: true
insecure: true
filtered: false
fair: false
filter:0+0=0
order: 4
exec:  3
filter:  0
order: 4
value=1
random=-2980722916732052699
timestamp=1445901262963
linearizeReads: false
cheapClients: false
filterCaching: true
doLogging: true
insecure: true
filtered: false
fair: false
filter:0+0=0
order: 4
exec:  3
filter:  0
order: 4
value=1
random=-2990637820327124763
timestamp=1445901271784
linearizeReads: false
cheapClients: false
filterCaching: true
doLogging: true
insecure: true
filtered: false
fair: false
filter:0+0=0
order: 4
exec:  3
filter:  0
order: 4
value=1
random=-2987332853893756507
timestamp=1445901280589
linearizeReads: false
cheapClients: false
filterCaching: true
doLogging: true
insecure: true
filtered: false
fair: false
filter:0+0=0
order: 4
exec:  3
filter:  0
order: 4
value=1
random=-2997247753193861275
timestamp=1445901297404
linearizeReads: false
cheapClients: false
filterCaching: true
doLogging: true
insecure: true
filtered: false
fair: false
filter:0+0=0
order: 4
exec:  3
filter:  0
order: 4
value=1
random=-2993942791055460315
timestamp=1445901314221
linearizeReads: false
cheapClients: false
filterCaching: true
doLogging: true
insecure: true
filtered: false
fair: false
filter:0+0=0
order: 4
exec:  3
filter:  0
order: 4
value=1
random=-3003857694650532379
timestamp=1445901331046
linearizeReads: false
cheapClients: false
filterCaching: true
doLogging: true
insecure: true
filtered: false
fair: false
filter:0+0=0
order: 4
exec:  3
filter:  0
order: 4
value=1
random=-3000552723922196827
timestamp=1445901347868
linearizeReads: false
cheapClients: false
filterCaching: true
doLogging: true
insecure: true
filtered: false
fair: false
filter:0+0=0
order: 4
exec:  3
filter:  0
order: 4
value=1
random=-3063347111925997469
timestamp=1445901364687
linearizeReads: false
cheapClients: false
filterCaching: true
doLogging: true
insecure: true
filtered: false
fair: false
filter:0+0=0
order: 4
exec:  3
filter:  0
order: 4
value=1
random=-3060042149787596508
timestamp=1445901381512
linearizeReads: false
cheapClients: false
filterCaching: true
doLogging: true
insecure: true
filtered: false
fair: false
filter:0+0=0
order: 4
exec:  3
filter:  0
order: 4
value=1
random=-3069957049087701277
timestamp=1445901398335
linearizeReads: false
cheapClients: false
filterCaching: true
doLogging: true
insecure: true
filtered: false
fair: false
filter:0+0=0
order: 4
exec:  3
filter:  0
order: 4
